# JRE version: Java(TM) SE Runtime Environment (18.0.1.1+2) (build 18.0.1.1+2-6)
# Java VM: Java HotSpot(TM) 64-Bit Server VM (18.0.1.1+2-6, mixed mode, sharing, tiered, compressed oops, compressed class ptrs, g1 gc, windows-amd64)
GC Precious Log:
 CardTable entry size: 512
 Card Set container configuration: InlinePtr #cards 5 size 8 Array Of Cards #cards 12 size 40 Howl #buckets 4 coarsen threshold 1843 Howl Bitmap #cards 512 size 80 coarsen threshold 460 Card regions per heap region 1 cards per card region 2048
 CPUs: 4 total, 4 available
 Memory: 7991M
 Large Page Support: Disabled
 NUMA Support: Disabled
 Compressed Oops: Enabled (32-bit)
 Heap Region Size: 1M
 Heap Min Capacity: 8M
 Heap Initial Capacity: 126M
 Heap Max Capacity: 1998M
 Pre-touch: Disabled
 Parallel Workers: 4
 Concurrent Workers: 1
 Concurrent Refinement Workers: 4
 Periodic GC: Disabled
Heap:
 garbage-first heap   total 58368K, used 25524K [0x0000000083200000, 0x0000000100000000)
  region size 1024K, 8 young (8192K), 2 survivors (2048K)
 Metaspace       used 34429K, committed 34880K, reserved 1114112K
  class space    used 4485K, committed 4672K, reserved 1048576K
GC Heap History (14 events):
Event: 0.754 GC heap before
{Heap before GC invocations=0 (full 0):
 garbage-first heap   total 129024K, used 15360K [0x0000000083200000, 0x0000000100000000)
  region size 1024K, 13 young (13312K), 0 survivors (0K)
 Metaspace       used 3014K, committed 3200K, reserved 1114112K
  class space    used 315K, committed 384K, reserved 1048576K
}
Event: 0.774 GC heap after
{Heap after GC invocations=1 (full 0):
 garbage-first heap   total 129024K, used 7189K [0x0000000083200000, 0x0000000100000000)
  region size 1024K, 2 young (2048K), 2 survivors (2048K)
 Metaspace       used 3014K, committed 3200K, reserved 1114112K
  class space    used 315K, committed 384K, reserved 1048576K
}
Event: 1.117 GC heap before
{Heap before GC invocations=1 (full 0):
 garbage-first heap   total 129024K, used 16405K [0x0000000083200000, 0x0000000100000000)
  region size 1024K, 12 young (12288K), 2 survivors (2048K)
 Metaspace       used 5291K, committed 5504K, reserved 1114112K
  class space    used 606K, committed 704K, reserved 1048576K
}
Event: 1.121 GC heap after
{Heap after GC invocations=2 (full 0):
 garbage-first heap   total 129024K, used 7854K [0x0000000083200000, 0x0000000100000000)
  region size 1024K, 1 young (1024K), 1 survivors (1024K)
 Metaspace       used 5291K, committed 5504K, reserved 1114112K
  class space    used 606K, committed 704K, reserved 1048576K
}
Event: 1.602 GC heap before
{Heap before GC invocations=2 (full 0):
 garbage-first heap   total 129024K, used 31406K [0x0000000083200000, 0x0000000100000000)
  region size 1024K, 25 young (25600K), 1 survivors (1024K)
 Metaspace       used 11371K, committed 11712K, reserved 1114112K
  class space    used 1480K, committed 1664K, reserved 1048576K
}
Event: 1.606 GC heap after
{Heap after GC invocations=3 (full 0):
 garbage-first heap   total 129024K, used 9815K [0x0000000083200000, 0x0000000100000000)
  region size 1024K, 3 young (3072K), 3 survivors (3072K)
 Metaspace       used 11371K, committed 11712K, reserved 1114112K
  class space    used 1480K, committed 1664K, reserved 1048576K
}
Event: 2.852 GC heap before
{Heap before GC invocations=3 (full 0):
 garbage-first heap   total 129024K, used 55895K [0x0000000083200000, 0x0000000100000000)
  region size 1024K, 50 young (51200K), 3 survivors (3072K)
 Metaspace       used 21212K, committed 21504K, reserved 1114112K
  class space    used 2657K, committed 2816K, reserved 1048576K
}
Event: 2.860 GC heap after
{Heap after GC invocations=4 (full 0):
 garbage-first heap   total 129024K, used 14747K [0x0000000083200000, 0x0000000100000000)
  region size 1024K, 8 young (8192K), 8 survivors (8192K)
 Metaspace       used 21212K, committed 21504K, reserved 1114112K
  class space    used 2657K, committed 2816K, reserved 1048576K
}
Event: 4.566 GC heap before
{Heap before GC invocations=5 (full 0):
 garbage-first heap   total 58368K, used 41371K [0x0000000083200000, 0x0000000100000000)
  region size 1024K, 34 young (34816K), 8 survivors (8192K)
 Metaspace       used 24547K, committed 24832K, reserved 1114112K
  class space    used 3119K, committed 3264K, reserved 1048576K
}
Event: 4.575 GC heap after
{Heap after GC invocations=6 (full 0):
 garbage-first heap   total 58368K, used 16465K [0x0000000083200000, 0x0000000100000000)
  region size 1024K, 3 young (3072K), 3 survivors (3072K)
 Metaspace       used 24547K, committed 24832K, reserved 1114112K
  class space    used 3119K, committed 3264K, reserved 1048576K
}
Event: 11.128 GC heap before
{Heap before GC invocations=6 (full 0):
 garbage-first heap   total 58368K, used 40017K [0x0000000083200000, 0x0000000100000000)
  region size 1024K, 26 young (26624K), 3 survivors (3072K)
 Metaspace       used 29206K, committed 29632K, reserved 1114112K
  class space    used 3744K, committed 3968K, reserved 1048576K
}
Event: 11.143 GC heap after
{Heap after GC invocations=7 (full 0):
 garbage-first heap   total 58368K, used 18551K [0x0000000083200000, 0x0000000100000000)
  region size 1024K, 4 young (4096K), 4 survivors (4096K)
 Metaspace       used 29206K, committed 29632K, reserved 1114112K
  class space    used 3744K, committed 3968K, reserved 1048576K
}
Event: 12.489 GC heap before
{Heap before GC invocations=7 (full 0):
 garbage-first heap   total 58368K, used 41079K [0x0000000083200000, 0x0000000100000000)
  region size 1024K, 27 young (27648K), 4 survivors (4096K)
 Metaspace       used 32681K, committed 33152K, reserved 1114112K
  class space    used 4205K, committed 4416K, reserved 1048576K
}
Event: 12.502 GC heap after
{Heap after GC invocations=8 (full 0):
 garbage-first heap   total 58368K, used 20404K [0x0000000083200000, 0x0000000100000000)
  region size 1024K, 2 young (2048K), 2 survivors (2048K)
 Metaspace       used 32681K, committed 33152K, reserved 1114112K
  class space    used 4205K, committed 4416K, reserved 1048576K
}

