# JRE version: Java(TM) SE Runtime Environment (18.0.1.1+2) (build 18.0.1.1+2-6)
# Java VM: Java HotSpot(TM) 64-Bit Server VM (18.0.1.1+2-6, mixed mode, sharing, tiered, compressed oops, compressed class ptrs, g1 gc, windows-amd64)
GC Precious Log:
 CardTable entry size: 512
 Card Set container configuration: InlinePtr #cards 5 size 8 Array Of Cards #cards 12 size 40 Howl #buckets 4 coarsen threshold 1843 Howl Bitmap #cards 512 size 80 coarsen threshold 460 Card regions per heap region 1 cards per card region 2048
 CPUs: 4 total, 4 available
 Memory: 7991M
 Large Page Support: Disabled
 NUMA Support: Disabled
 Compressed Oops: Enabled (32-bit)
 Heap Region Size: 1M
 Heap Min Capacity: 8M
 Heap Initial Capacity: 126M
 Heap Max Capacity: 1998M
 Pre-touch: Disabled
 Parallel Workers: 4
 Concurrent Workers: 1
 Concurrent Refinement Workers: 4
 Periodic GC: Disabled
Heap:
 garbage-first heap   total 99328K, used 54354K [0x0000000083200000, 0x0000000100000000)
  region size 1024K, 28 young (28672K), 8 survivors (8192K)
 Metaspace       used 70727K, committed 71424K, reserved 1114112K
  class space    used 9505K, committed 9856K, reserved 1048576K
GC Heap History (20 events):
Event: 9.188 GC heap before
{Heap before GC invocations=5 (full 0):
 garbage-first heap   total 58368K, used 41388K [0x0000000083200000, 0x0000000100000000)
  region size 1024K, 34 young (34816K), 8 survivors (8192K)
 Metaspace       used 24613K, committed 24896K, reserved 1114112K
  class space    used 3137K, committed 3264K, reserved 1048576K
}
Event: 9.209 GC heap after
{Heap after GC invocations=6 (full 0):
 garbage-first heap   total 58368K, used 16340K [0x0000000083200000, 0x0000000100000000)
  region size 1024K, 3 young (3072K), 3 survivors (3072K)
 Metaspace       used 24613K, committed 24896K, reserved 1114112K
  class space    used 3137K, committed 3264K, reserved 1048576K
}
Event: 9.244 GC heap before
{Heap before GC invocations=6 (full 0):
 garbage-first heap   total 58368K, used 17364K [0x0000000083200000, 0x0000000100000000)
  region size 1024K, 4 young (4096K), 3 survivors (3072K)
 Metaspace       used 24670K, committed 24960K, reserved 1114112K
  class space    used 3143K, committed 3264K, reserved 1048576K
}
Event: 9.255 GC heap after
{Heap after GC invocations=7 (full 0):
 garbage-first heap   total 58368K, used 16329K [0x0000000083200000, 0x0000000100000000)
  region size 1024K, 1 young (1024K), 1 survivors (1024K)
 Metaspace       used 24670K, committed 24960K, reserved 1114112K
  class space    used 3143K, committed 3264K, reserved 1048576K
}
Event: 10.519 GC heap before
{Heap before GC invocations=7 (full 0):
 garbage-first heap   total 58368K, used 39881K [0x0000000083200000, 0x0000000100000000)
  region size 1024K, 25 young (25600K), 1 survivors (1024K)
 Metaspace       used 29169K, committed 29568K, reserved 1114112K
  class space    used 3746K, committed 3968K, reserved 1048576K
}
Event: 10.527 GC heap after
{Heap after GC invocations=8 (full 0):
 garbage-first heap   total 58368K, used 18685K [0x0000000083200000, 0x0000000100000000)
  region size 1024K, 3 young (3072K), 3 survivors (3072K)
 Metaspace       used 29169K, committed 29568K, reserved 1114112K
  class space    used 3746K, committed 3968K, reserved 1048576K
}
Event: 11.791 GC heap before
{Heap before GC invocations=8 (full 0):
 garbage-first heap   total 58368K, used 42237K [0x0000000083200000, 0x0000000100000000)
  region size 1024K, 26 young (26624K), 3 survivors (3072K)
 Metaspace       used 33520K, committed 33984K, reserved 1114112K
  class space    used 4332K, committed 4544K, reserved 1048576K
}
Event: 11.802 GC heap after
{Heap after GC invocations=9 (full 0):
 garbage-first heap   total 58368K, used 20190K [0x0000000083200000, 0x0000000100000000)
  region size 1024K, 2 young (2048K), 2 survivors (2048K)
 Metaspace       used 33520K, committed 33984K, reserved 1114112K
  class space    used 4332K, committed 4544K, reserved 1048576K
}
Event: 12.094 GC heap before
{Heap before GC invocations=9 (full 0):
 garbage-first heap   total 58368K, used 27358K [0x0000000083200000, 0x0000000100000000)
  region size 1024K, 10 young (10240K), 2 survivors (2048K)
 Metaspace       used 35498K, committed 35968K, reserved 1114112K
  class space    used 4655K, committed 4864K, reserved 1048576K
}
Event: 12.100 GC heap after
{Heap after GC invocations=10 (full 0):
 garbage-first heap   total 58368K, used 20439K [0x0000000083200000, 0x0000000100000000)
  region size 1024K, 2 young (2048K), 2 survivors (2048K)
 Metaspace       used 35498K, committed 35968K, reserved 1114112K
  class space    used 4655K, committed 4864K, reserved 1048576K
}
Event: 13.203 GC heap before
{Heap before GC invocations=11 (full 0):
 garbage-first heap   total 58368K, used 43991K [0x0000000083200000, 0x0000000100000000)
  region size 1024K, 25 young (25600K), 2 survivors (2048K)
 Metaspace       used 42086K, committed 42560K, reserved 1114112K
  class space    used 5554K, committed 5760K, reserved 1048576K
}
Event: 13.214 GC heap after
{Heap after GC invocations=12 (full 0):
 garbage-first heap   total 58368K, used 22660K [0x0000000083200000, 0x0000000100000000)
  region size 1024K, 4 young (4096K), 4 survivors (4096K)
 Metaspace       used 42086K, committed 42560K, reserved 1114112K
  class space    used 5554K, committed 5760K, reserved 1048576K
}
Event: 13.267 GC heap before
{Heap before GC invocations=12 (full 0):
 garbage-first heap   total 58368K, used 23684K [0x0000000083200000, 0x0000000100000000)
  region size 1024K, 5 young (5120K), 4 survivors (4096K)
 Metaspace       used 42334K, committed 42816K, reserved 1114112K
  class space    used 5604K, committed 5824K, reserved 1048576K
}
Event: 13.278 GC heap after
{Heap after GC invocations=13 (full 0):
 garbage-first heap   total 58368K, used 22848K [0x0000000083200000, 0x0000000100000000)
  region size 1024K, 1 young (1024K), 1 survivors (1024K)
 Metaspace       used 42334K, committed 42816K, reserved 1114112K
  class space    used 5604K, committed 5824K, reserved 1048576K
}
Event: 14.167 GC heap before
{Heap before GC invocations=13 (full 0):
 garbage-first heap   total 58368K, used 43328K [0x0000000083200000, 0x0000000100000000)
  region size 1024K, 22 young (22528K), 1 survivors (1024K)
 Metaspace       used 47016K, committed 47488K, reserved 1114112K
  class space    used 6179K, committed 6400K, reserved 1048576K
}
Event: 14.173 GC heap after
{Heap after GC invocations=14 (full 0):
 garbage-first heap   total 116736K, used 23767K [0x0000000083200000, 0x0000000100000000)
  region size 1024K, 2 young (2048K), 2 survivors (2048K)
 Metaspace       used 47016K, committed 47488K, reserved 1114112K
  class space    used 6179K, committed 6400K, reserved 1048576K
}
Event: 16.405 GC heap before
{Heap before GC invocations=14 (full 0):
 garbage-first heap   total 116736K, used 74967K [0x0000000083200000, 0x0000000100000000)
  region size 1024K, 54 young (55296K), 2 survivors (2048K)
 Metaspace       used 59842K, committed 60416K, reserved 1114112K
  class space    used 8031K, committed 8320K, reserved 1048576K
}
Event: 16.421 GC heap after
{Heap after GC invocations=15 (full 0):
 garbage-first heap   total 116736K, used 26496K [0x0000000083200000, 0x0000000100000000)
  region size 1024K, 5 young (5120K), 5 survivors (5120K)
 Metaspace       used 59842K, committed 60416K, reserved 1114112K
  class space    used 8031K, committed 8320K, reserved 1048576K
}
Event: 21.885 GC heap before
{Heap before GC invocations=16 (full 0):
 garbage-first heap   total 99328K, used 80768K [0x0000000083200000, 0x0000000100000000)
  region size 1024K, 58 young (59392K), 5 survivors (5120K)
 Metaspace       used 67407K, committed 68160K, reserved 1114112K
  class space    used 9133K, committed 9472K, reserved 1048576K
}
Event: 21.906 GC heap after
{Heap after GC invocations=17 (full 0):
 garbage-first heap   total 99328K, used 31826K [0x0000000083200000, 0x0000000100000000)
  region size 1024K, 8 young (8192K), 8 survivors (8192K)
 Metaspace       used 67407K, committed 68160K, reserved 1114112K
  class space    used 9133K, committed 9472K, reserved 1048576K
}

